Warning: Flow failed to import. Set the environment variable D4RL_SUPPRESS_IMPORT_ERROR=1 to suppress this message.
No module named 'flow'
INFO:absl:MUJOCO_GL is not set, so an OpenGL backend will be chosen automatically.
INFO:absl:Successfully imported OpenGL backend: glfw
INFO:absl:MuJoCo library version is: 2.3.5
Warning: CARLA failed to import. Set the environment variable D4RL_SUPPRESS_IMPORT_ERROR=1 to suppress this message.
No module named 'carla'
pybullet build time: May 20 2022 19:44:17
cuda:0
GPU数量: 1
GPU名称：NVIDIA GeForce RTX 2080 Ti, 编号:0
==================================================
Starting new experiment: hopper medium
2186 trajectories, 999906 timesteps found
Average return: 1422.06, std: 378.95
Max return: 3222.36, min: 315.87
==================================================
[32m2023-05-16 at 17:13:34.754[0m | [34mINFO[0m | Run algo_init function
[32m2023-05-16 at 17:13:50.547[0m | [34mINFO[0m | Init AlgoTrainer
================================================================================
Iteration 1
time/training: 1271.9207785129547
evaluation/target_3600_return_mean: 1569.1319875128222
evaluation/target_3600_return_std: 290.62125461253413
evaluation/target_3600_length_mean: 510.9
evaluation/target_3600_length_std: 81.08569540923972
evaluation/target_1800_return_mean: 596.614252320471
evaluation/target_1800_return_std: 108.85389174218773
evaluation/target_1800_length_mean: 221.5
evaluation/target_1800_length_std: 25.900772189261076
time/total: 1342.4470896720886
time/evaluation: 70.52311158180237
training/train_loss_mean: 0.16917792799696327
training/train_loss_std: 0.10156559792818615
training/action_error: 0.08992472290992737
================================================================================
Iteration 2
time/training: 1334.891902923584
evaluation/target_3600_return_mean: 1777.6383363213467
evaluation/target_3600_return_std: 246.6838743165153
evaluation/target_3600_length_mean: 561.9
evaluation/target_3600_length_std: 68.98470845049648
evaluation/target_1800_return_mean: 973.4841710868335
evaluation/target_1800_return_std: 255.61678588539044
evaluation/target_1800_length_mean: 315.3
evaluation/target_1800_length_std: 77.59774481259105
time/total: 2753.724676132202
time/evaluation: 76.38258004188538
training/train_loss_mean: 0.08576239697188139
training/train_loss_std: 0.007579625286928903
training/action_error: 0.07225573062896729
================================================================================
Iteration 3
time/training: 1350.8458724021912
evaluation/target_3600_return_mean: 1904.3900279136055
evaluation/target_3600_return_std: 190.7455333777439
evaluation/target_3600_length_mean: 599.4
evaluation/target_3600_length_std: 58.38869753642394
evaluation/target_1800_return_mean: 1626.227318687244
evaluation/target_1800_return_std: 521.95220024341
evaluation/target_1800_length_mean: 524.2
evaluation/target_1800_length_std: 154.76356160285275
time/total: 4208.296096086502
time/evaluation: 103.72245907783508
training/train_loss_mean: 0.07467794987112283
training/train_loss_std: 0.005293243202007009
training/action_error: 0.07716803252696991
================================================================================
Iteration 4
time/training: 1329.5656564235687
evaluation/target_3600_return_mean: 1962.8544357638052
evaluation/target_3600_return_std: 311.96730463043394
evaluation/target_3600_length_mean: 608.3
evaluation/target_3600_length_std: 87.57859327484086
evaluation/target_1800_return_mean: 1933.7890348148928
evaluation/target_1800_return_std: 243.2180675637837
evaluation/target_1800_length_mean: 600.2
evaluation/target_1800_length_std: 72.57933590216983
time/total: 5650.507303714752
time/evaluation: 112.64239001274109
training/train_loss_mean: 0.07008988630361855
training/train_loss_std: 0.004850867327085815
training/action_error: 0.06650348752737045
================================================================================
Iteration 5
time/training: 1342.4395949840546
evaluation/target_3600_return_mean: 1888.7597808229214
evaluation/target_3600_return_std: 428.1870919990971
evaluation/target_3600_length_mean: 583.6
evaluation/target_3600_length_std: 130.0816666559896
evaluation/target_1800_return_mean: 1665.356476830828
evaluation/target_1800_return_std: 387.5759971671061
evaluation/target_1800_length_mean: 522.0
evaluation/target_1800_length_std: 112.25239418382131
time/total: 7106.53135061264
time/evaluation: 113.56570434570312
training/train_loss_mean: 0.06738857997544109
training/train_loss_std: 0.004672183857679032
training/action_error: 0.06720270216464996
================================================================================
Iteration 6
time/training: 1326.3355259895325
evaluation/target_3600_return_mean: 2213.6856939078957
evaluation/target_3600_return_std: 349.17420897116585
evaluation/target_3600_length_mean: 690.6
evaluation/target_3600_length_std: 103.57239014331958
evaluation/target_1800_return_mean: 1759.892566181215
evaluation/target_1800_return_std: 47.998857838634436
evaluation/target_1800_length_mean: 553.5
evaluation/target_1800_length_std: 16.644819013735177
time/total: 8549.877115726471
time/evaluation: 117.00714707374573
training/train_loss_mean: 0.0654841020423919
training/train_loss_std: 0.004551623967783501
training/action_error: 0.06558814644813538
================================================================================
Iteration 7
time/training: 1338.6106050014496
evaluation/target_3600_return_mean: 2004.417520719206
evaluation/target_3600_return_std: 463.7615783391191
evaluation/target_3600_length_mean: 613.2
evaluation/target_3600_length_std: 136.58901859227188
evaluation/target_1800_return_mean: 1469.8052954933605
evaluation/target_1800_return_std: 106.74556406101048
evaluation/target_1800_length_mean: 457.8
evaluation/target_1800_length_std: 29.583103285490516
time/total: 9993.811838388443
time/evaluation: 105.20873737335205
training/train_loss_mean: 0.06411360183432699
training/train_loss_std: 0.004500135628880344
training/action_error: 0.06252647936344147
================================================================================
Iteration 8
time/training: 1334.4471273422241
evaluation/target_3600_return_mean: 2140.555076704954
evaluation/target_3600_return_std: 563.5895856656283
evaluation/target_3600_length_mean: 664.5
evaluation/target_3600_length_std: 168.9084071323864
evaluation/target_1800_return_mean: 1843.010989830563
evaluation/target_1800_return_std: 236.60391849701986
evaluation/target_1800_length_mean: 580.2
evaluation/target_1800_length_std: 68.2844052474648
time/total: 11446.709673166275
time/evaluation: 118.44768190383911
training/train_loss_mean: 0.0628130847338587
training/train_loss_std: 0.0043915415104470125
training/action_error: 0.06728914380073547
================================================================================
Iteration 9
time/training: 1341.3803143501282
evaluation/target_3600_return_mean: 2034.019684781128
evaluation/target_3600_return_std: 429.8677370110869
evaluation/target_3600_length_mean: 635.7
evaluation/target_3600_length_std: 124.55444592626954
evaluation/target_1800_return_mean: 1736.4760949331655
evaluation/target_1800_return_std: 146.41491420908136
evaluation/target_1800_length_mean: 546.2
evaluation/target_1800_length_std: 39.82913506467345
time/total: 12898.73395228386
time/evaluation: 110.64082598686218
training/train_loss_mean: 0.06211349250115454
training/train_loss_std: 0.004413026394168871
training/action_error: 0.05909859389066696
================================================================================
Iteration 10
time/training: 1357.2267951965332
evaluation/target_3600_return_mean: 1975.1269364576863
evaluation/target_3600_return_std: 262.4236274115807
evaluation/target_3600_length_mean: 612.7
evaluation/target_3600_length_std: 78.65119198079582
evaluation/target_1800_return_mean: 2058.062007491507
evaluation/target_1800_return_std: 528.035568285615
evaluation/target_1800_length_mean: 637.1
evaluation/target_1800_length_std: 154.16903061250662
time/total: 14370.000628232956
time/evaluation: 114.03674173355103
training/train_loss_mean: 0.06142573138102889
training/train_loss_std: 0.004362212778698584
training/action_error: 0.05898221582174301
================================================================================
Iteration 11
time/training: 1328.3377776145935
evaluation/target_3600_return_mean: 2113.142193341797
evaluation/target_3600_return_std: 393.5023797107849
evaluation/target_3600_length_mean: 662.7
evaluation/target_3600_length_std: 119.50066945419177
evaluation/target_1800_return_mean: 1892.3693945997445
evaluation/target_1800_return_std: 210.99802717581738
evaluation/target_1800_length_mean: 594.6
evaluation/target_1800_length_std: 60.08860124848972
time/total: 15820.330204963684
time/evaluation: 121.98864912986755
training/train_loss_mean: 0.06072210265621543
training/train_loss_std: 0.004305243193804654
training/action_error: 0.057047124952077866
================================================================================
Iteration 12
time/training: 1382.8766429424286
evaluation/target_3600_return_mean: 1846.3831217786762
evaluation/target_3600_return_std: 417.27513982234063
evaluation/target_3600_length_mean: 575.0
evaluation/target_3600_length_std: 122.73793219701886
evaluation/target_1800_return_mean: 1884.1781098229399
evaluation/target_1800_return_std: 385.11198263594923
evaluation/target_1800_length_mean: 585.9
evaluation/target_1800_length_std: 116.28968139951196
time/total: 17320.455054998398
time/evaluation: 117.14593696594238
training/train_loss_mean: 0.06008535209111869
training/train_loss_std: 0.004268151523775838
training/action_error: 0.06296558678150177
================================================================================
Iteration 13
time/training: 1388.6717638969421
evaluation/target_3600_return_mean: 2263.6480376449867
evaluation/target_3600_return_std: 440.53956699309373
evaluation/target_3600_length_mean: 703.3
evaluation/target_3600_length_std: 135.75643631150604
evaluation/target_1800_return_mean: 1767.7734071433138
evaluation/target_1800_return_std: 223.4733778250985
evaluation/target_1800_length_mean: 556.8
evaluation/target_1800_length_std: 67.62810066828729
time/total: 18830.540917396545
time/evaluation: 121.41110944747925
training/train_loss_mean: 0.05968713271394372
training/train_loss_std: 0.004308595326683928
training/action_error: 0.05336784943938255
================================================================================
Iteration 14
time/training: 1337.489589691162
evaluation/target_3600_return_mean: 1717.6398596283295
evaluation/target_3600_return_std: 383.1114841279124
evaluation/target_3600_length_mean: 534.5
evaluation/target_3600_length_std: 110.36688815038684
evaluation/target_1800_return_mean: 1588.219793658624
evaluation/target_1800_return_std: 259.3774672161822
evaluation/target_1800_length_mean: 497.3
evaluation/target_1800_length_std: 75.47456525214307
time/total: 20259.477796792984
time/evaluation: 91.44430470466614
training/train_loss_mean: 0.05925612057037651
training/train_loss_std: 0.004222572538024547
training/action_error: 0.06591789424419403
================================================================================
Iteration 15
time/training: 1277.975460767746
evaluation/target_3600_return_mean: 2115.6301719622707
evaluation/target_3600_return_std: 364.17099749565523
evaluation/target_3600_length_mean: 658.1
evaluation/target_3600_length_std: 112.6423099905182
evaluation/target_1800_return_mean: 2011.3463994547371
evaluation/target_1800_return_std: 290.1684239815566
evaluation/target_1800_length_mean: 624.2
evaluation/target_1800_length_std: 91.03054432441893
time/total: 21652.295565843582
time/evaluation: 114.83922457695007
training/train_loss_mean: 0.05883908607028425
training/train_loss_std: 0.00427077910673206
training/action_error: 0.06025135517120361
================================================================================
Iteration 16
time/training: 1272.5264995098114
evaluation/target_3600_return_mean: 2261.5868810894494
evaluation/target_3600_return_std: 530.9543714774197
evaluation/target_3600_length_mean: 701.6
evaluation/target_3600_length_std: 158.424240569428
evaluation/target_1800_return_mean: 1817.843515309824
evaluation/target_1800_return_std: 210.58885531756945
evaluation/target_1800_length_mean: 571.6
evaluation/target_1800_length_std: 58.33215236899801
time/total: 23033.644441604614
time/evaluation: 108.81923341751099
training/train_loss_mean: 0.05845378075838089
training/train_loss_std: 0.004239650148340773
training/action_error: 0.05993480980396271
================================================================================
Iteration 17
time/training: 1214.100599527359
evaluation/target_3600_return_mean: 1698.4806893396867
evaluation/target_3600_return_std: 235.42462185988833
evaluation/target_3600_length_mean: 525.7
evaluation/target_3600_length_std: 68.70960631527443
evaluation/target_1800_return_mean: 1548.922196588299
evaluation/target_1800_return_std: 269.7233862288128
evaluation/target_1800_length_mean: 485.3
evaluation/target_1800_length_std: 74.62981977735174
time/total: 24330.251811265945
time/evaluation: 82.39098811149597
training/train_loss_mean: 0.0581030727699399
training/train_loss_std: 0.004183394375285259
training/action_error: 0.05505131557583809
================================================================================
Iteration 18
time/training: 1227.46781539917
evaluation/target_3600_return_mean: 2218.603390748793
evaluation/target_3600_return_std: 412.40405225915606
evaluation/target_3600_length_mean: 696.6
evaluation/target_3600_length_std: 127.94858342318604
evaluation/target_1800_return_mean: 1811.9577702410413
evaluation/target_1800_return_std: 172.79775204718334
evaluation/target_1800_length_mean: 576.4
evaluation/target_1800_length_std: 50.5592721466597
time/total: 25664.088845729828
time/evaluation: 106.36613702774048
training/train_loss_mean: 0.05785190736502409
training/train_loss_std: 0.004201083598725029
training/action_error: 0.05533616244792938
================================================================================
Iteration 19
time/training: 1139.7074146270752
evaluation/target_3600_return_mean: 2274.068909833425
evaluation/target_3600_return_std: 513.2409760106166
evaluation/target_3600_length_mean: 705.8
evaluation/target_3600_length_std: 151.65473945775648
evaluation/target_1800_return_mean: 1811.552126970751
evaluation/target_1800_return_std: 215.89843377401613
evaluation/target_1800_length_mean: 568.8
evaluation/target_1800_length_std: 59.578183926669
time/total: 26894.99370098114
time/evaluation: 91.19461488723755
training/train_loss_mean: 0.05754138925522566
training/train_loss_std: 0.004153141804717612
training/action_error: 0.05729977414011955
================================================================================
Iteration 20
time/training: 1031.0882399082184
evaluation/target_3600_return_mean: 2097.9362399598635
evaluation/target_3600_return_std: 451.31606840740136
evaluation/target_3600_length_mean: 647.9
evaluation/target_3600_length_std: 136.42393485015742
evaluation/target_1800_return_mean: 1796.3056826568893
evaluation/target_1800_return_std: 297.21853521041453
evaluation/target_1800_length_mean: 560.8
evaluation/target_1800_length_std: 84.54797454699906
time/total: 28007.466027975082
time/evaluation: 81.3810486793518
training/train_loss_mean: 0.057350037676095963
training/train_loss_std: 0.004148461154389155
training/action_error: 0.057594362646341324
================================================================================
Iteration 21
time/training: 1034.5518758296967
evaluation/target_3600_return_mean: 2142.751112269649
evaluation/target_3600_return_std: 398.62248963974093
evaluation/target_3600_length_mean: 665.1
evaluation/target_3600_length_std: 120.54414129272314
evaluation/target_1800_return_mean: 1761.339102753412
evaluation/target_1800_return_std: 245.38582341228405
evaluation/target_1800_length_mean: 557.0
evaluation/target_1800_length_std: 70.60169969625377
time/total: 29126.04304599762
time/evaluation: 84.02198767662048
training/train_loss_mean: 0.05717948730513454
training/train_loss_std: 0.004181321131585495
training/action_error: 0.05588534474372864
================================================================================
Iteration 22
time/training: 1076.4222614765167
evaluation/target_3600_return_mean: 1843.5703208449042
evaluation/target_3600_return_std: 353.42590794455367
evaluation/target_3600_length_mean: 574.3
evaluation/target_3600_length_std: 103.74878312539381
evaluation/target_1800_return_mean: 1678.792535984805
evaluation/target_1800_return_std: 418.4385305667537
evaluation/target_1800_length_mean: 527.9
evaluation/target_1800_length_std: 122.53444413714864
time/total: 30276.726500034332
time/evaluation: 74.14748239517212
training/train_loss_mean: 0.056901151080429556
training/train_loss_std: 0.004113887543138484
training/action_error: 0.065865159034729
================================================================================
Iteration 23
time/training: 1044.6192660331726
evaluation/target_3600_return_mean: 1769.2253129005258
evaluation/target_3600_return_std: 108.7153411625155
evaluation/target_3600_length_mean: 552.0
evaluation/target_3600_length_std: 30.760364107077798
evaluation/target_1800_return_mean: 1759.0924550683485
evaluation/target_1800_return_std: 231.25883908262918
evaluation/target_1800_length_mean: 556.4
evaluation/target_1800_length_std: 64.94028025809558
time/total: 31396.449268341064
time/evaluation: 75.10063147544861
training/train_loss_mean: 0.05667799728885293
training/train_loss_std: 0.004104683381042876
training/action_error: 0.053582753986120224
================================================================================
Iteration 24
time/training: 988.9861578941345
evaluation/target_3600_return_mean: 1792.6502822306204
evaluation/target_3600_return_std: 216.87186978737338
evaluation/target_3600_length_mean: 555.2
evaluation/target_3600_length_std: 63.974682492373496
evaluation/target_1800_return_mean: 1644.2652307295562
evaluation/target_1800_return_std: 254.1249426462883
evaluation/target_1800_length_mean: 514.1
evaluation/target_1800_length_std: 74.90987918826194
time/total: 32452.6424100399
time/evaluation: 67.20399904251099
training/train_loss_mean: 0.05653895678557456
training/train_loss_std: 0.004076572280471732
training/action_error: 0.0527450367808342
================================================================================
Iteration 25
time/training: 981.2358787059784
evaluation/target_3600_return_mean: 2176.0719544990316
evaluation/target_3600_return_std: 430.6310900321809
evaluation/target_3600_length_mean: 676.2
evaluation/target_3600_length_std: 136.29071868619667
evaluation/target_1800_return_mean: 1809.6257584790928
evaluation/target_1800_return_std: 237.42763160916076
evaluation/target_1800_length_mean: 569.6
evaluation/target_1800_length_std: 67.02865059062431
time/total: 33511.64936590195
time/evaluation: 77.76792979240417
training/train_loss_mean: 0.05630061651915312
training/train_loss_std: 0.004137100771572866
training/action_error: 0.05424661934375763
================================================================================
Iteration 26
time/training: 987.0522980690002
evaluation/target_3600_return_mean: 2359.779184736697
evaluation/target_3600_return_std: 417.6249869421276
evaluation/target_3600_length_mean: 729.5
evaluation/target_3600_length_std: 126.15882846634237
evaluation/target_1800_return_mean: 1902.7219469102947
evaluation/target_1800_return_std: 215.29843524834223
evaluation/target_1800_length_mean: 596.2
evaluation/target_1800_length_std: 66.23111051462145
time/total: 34585.43920254707
time/evaluation: 86.73449969291687
training/train_loss_mean: 0.05610000879354775
training/train_loss_std: 0.004067263184555664
training/action_error: 0.061746276915073395
================================================================================
Iteration 27
time/training: 972.1712505817413
evaluation/target_3600_return_mean: 2028.4036640965205
evaluation/target_3600_return_std: 462.248899754917
evaluation/target_3600_length_mean: 631.1
evaluation/target_3600_length_std: 144.82710381693065
evaluation/target_1800_return_mean: 1777.7200872349051
evaluation/target_1800_return_std: 325.4098749176369
evaluation/target_1800_length_mean: 555.8
evaluation/target_1800_length_std: 93.70677670264836
time/total: 35632.660564661026
time/evaluation: 74.95448899269104
training/train_loss_mean: 0.05594182144850492
training/train_loss_std: 0.004103534154713968
training/action_error: 0.05470947548747063
================================================================================
Iteration 28
time/training: 984.0142929553986
evaluation/target_3600_return_mean: 1782.9554669440913
evaluation/target_3600_return_std: 220.1653778022113
evaluation/target_3600_length_mean: 560.6
evaluation/target_3600_length_std: 62.595846507575885
evaluation/target_1800_return_mean: 1740.435351982481
evaluation/target_1800_return_std: 149.63205433163387
evaluation/target_1800_length_mean: 550.4
evaluation/target_1800_length_std: 41.576916672596106
time/total: 36690.29938173294
time/evaluation: 73.62142324447632
training/train_loss_mean: 0.0556996267080307
training/train_loss_std: 0.004050861315336496
training/action_error: 0.05200386047363281
================================================================================
Iteration 29
time/training: 967.4348258972168
evaluation/target_3600_return_mean: 2048.971961351998
evaluation/target_3600_return_std: 538.0192160884076
evaluation/target_3600_length_mean: 633.9
evaluation/target_3600_length_std: 163.59917481454482
evaluation/target_1800_return_mean: 1905.2356344795976
evaluation/target_1800_return_std: 253.23217423718873
evaluation/target_1800_length_mean: 593.5
evaluation/target_1800_length_std: 75.62175612877553
time/total: 37731.54557967186
time/evaluation: 73.80852365493774
training/train_loss_mean: 0.05560389706082642
training/train_loss_std: 0.004060481535170985
training/action_error: 0.05853734537959099
================================================================================
Iteration 30
time/training: 1010.9250288009644
evaluation/target_3600_return_mean: 2135.0689985155345
evaluation/target_3600_return_std: 428.3876801294912
evaluation/target_3600_length_mean: 659.0
evaluation/target_3600_length_std: 126.8337494517922
evaluation/target_1800_return_mean: 1861.2833489663947
evaluation/target_1800_return_std: 185.26207066452383
evaluation/target_1800_length_mean: 578.0
evaluation/target_1800_length_std: 54.012961407425166
time/total: 38815.76947402954
time/evaluation: 73.2956817150116
training/train_loss_mean: 0.055428207790106536
training/train_loss_std: 0.004032497012562981
training/action_error: 0.06112184375524521
================================================================================
Iteration 31
time/training: 945.5931651592255
evaluation/target_3600_return_mean: 2095.2853933864226
evaluation/target_3600_return_std: 378.69419713705724
evaluation/target_3600_length_mean: 652.1
evaluation/target_3600_length_std: 112.49484432630679
evaluation/target_1800_return_mean: 1913.4890452912848
evaluation/target_1800_return_std: 346.3302151939966
evaluation/target_1800_length_mean: 602.8
evaluation/target_1800_length_std: 102.3169585161717
time/total: 39836.97947525978
time/evaluation: 75.61386775970459
training/train_loss_mean: 0.055321490972861646
training/train_loss_std: 0.004063360640044888
training/action_error: 0.06236977130174637
