nohup: ignoring input
==================================================
Starting new experiment: hopper medium
2186 trajectories, 999906 timesteps found
Average return: 1422.06, std: 378.95
Max return: 3222.36, min: 315.87
==================================================
================================================================================
Iteration 1
time/training: 505.0970151424408
evaluation/target_3600_return_mean: 1379.7092762939355
evaluation/target_3600_return_std: 162.1632836487518
evaluation/target_3600_length_mean: 440.64
evaluation/target_3600_length_std: 43.30023556517909
evaluation/target_1800_return_mean: 1280.095794175866
evaluation/target_1800_return_std: 102.31361629474281
evaluation/target_1800_length_mean: 413.98
evaluation/target_1800_length_std: 26.428386254177536
time/total: 794.8248002529144
time/evaluation: 289.6545753479004
training/train_loss_mean: 0.169610344722867
training/train_loss_std: 0.10312549035220284
training/action_error: 0.09452352672815323
================================================================================
Iteration 2
time/training: 505.2398302555084
evaluation/target_3600_return_mean: 1981.2627377834663
evaluation/target_3600_return_std: 204.65477449785138
evaluation/target_3600_length_mean: 639.28
evaluation/target_3600_length_std: 59.04829887473474
evaluation/target_1800_return_mean: 1589.2965787623275
evaluation/target_1800_return_std: 451.1009574867436
evaluation/target_1800_length_mean: 519.4
evaluation/target_1800_length_std: 136.3011371926148
time/total: 1692.4048347473145
time/evaluation: 392.26472520828247
training/train_loss_mean: 0.08558645297288894
training/train_loss_std: 0.007496105241458148
training/action_error: 0.0896632969379425
================================================================================
Iteration 3
time/training: 510.0373821258545
evaluation/target_3600_return_mean: 1928.0836516174732
evaluation/target_3600_return_std: 153.66642250863669
evaluation/target_3600_length_mean: 613.3
evaluation/target_3600_length_std: 42.18186814260364
evaluation/target_1800_return_mean: 1724.1420125985085
evaluation/target_1800_return_std: 178.33690980598095
evaluation/target_1800_length_mean: 548.98
evaluation/target_1800_length_std: 49.685205041340026
time/total: 2599.5971546173096
time/evaluation: 397.0772285461426
training/train_loss_mean: 0.07475649104639888
training/train_loss_std: 0.005244537207212255
training/action_error: 0.0748949870467186
================================================================================
Iteration 4
time/training: 508.46077251434326
evaluation/target_3600_return_mean: 1893.6650447599052
evaluation/target_3600_return_std: 248.01322084684057
evaluation/target_3600_length_mean: 595.97
evaluation/target_3600_length_std: 71.13289745258518
evaluation/target_1800_return_mean: 1740.3234014949578
evaluation/target_1800_return_std: 235.31689195932225
evaluation/target_1800_length_mean: 551.95
evaluation/target_1800_length_std: 67.18472668694871
time/total: 3503.5764458179474
time/evaluation: 395.4419815540314
training/train_loss_mean: 0.07009124874547124
training/train_loss_std: 0.004772594531572854
training/action_error: 0.06516464054584503
================================================================================
Iteration 5
time/training: 542.0409660339355
evaluation/target_3600_return_mean: 1765.9649494515224
evaluation/target_3600_return_std: 246.36098031557572
evaluation/target_3600_length_mean: 562.33
evaluation/target_3600_length_std: 70.85422429185151
evaluation/target_1800_return_mean: 1644.2821517538189
evaluation/target_1800_return_std: 223.10847502808738
evaluation/target_1800_length_mean: 522.15
evaluation/target_1800_length_std: 66.39252593477671
time/total: 4427.796679019928
time/evaluation: 382.10487627983093
training/train_loss_mean: 0.0673305866703391
training/train_loss_std: 0.004683001936080029
training/action_error: 0.06784379482269287
================================================================================
Iteration 6
time/training: 520.7719197273254
evaluation/target_3600_return_mean: 1853.2187320578043
evaluation/target_3600_return_std: 304.31351994801264
evaluation/target_3600_length_mean: 578.32
evaluation/target_3600_length_std: 88.78940026827527
evaluation/target_1800_return_mean: 1783.5276311716264
evaluation/target_1800_return_std: 273.0446146177848
evaluation/target_1800_length_mean: 557.46
evaluation/target_1800_length_std: 80.67594684910739
time/total: 5378.554887533188
time/evaluation: 429.9118230342865
training/train_loss_mean: 0.06545795552134513
training/train_loss_std: 0.0045645772177450245
training/action_error: 0.0697614923119545
================================================================================
Iteration 7
time/training: 557.0420608520508
evaluation/target_3600_return_mean: 1811.8610778258353
evaluation/target_3600_return_std: 242.418763519503
evaluation/target_3600_length_mean: 568.0
evaluation/target_3600_length_std: 68.93808816612193
evaluation/target_1800_return_mean: 1698.386900590714
evaluation/target_1800_return_std: 246.50112471509703
evaluation/target_1800_length_mean: 535.51
evaluation/target_1800_length_std: 70.90888449270656
time/total: 6367.0912296772
time/evaluation: 431.4185004234314
training/train_loss_mean: 0.0641581777960062
training/train_loss_std: 0.004536978549073872
training/action_error: 0.06506892293691635
================================================================================
Iteration 8
time/training: 555.4855835437775
evaluation/target_3600_return_mean: 1836.4338516943799
evaluation/target_3600_return_std: 248.97426437240279
evaluation/target_3600_length_mean: 578.22
evaluation/target_3600_length_std: 72.50042482634153
evaluation/target_1800_return_mean: 1806.3501818205102
evaluation/target_1800_return_std: 283.7072258816853
evaluation/target_1800_length_mean: 569.23
evaluation/target_1800_length_std: 83.68283635250421
time/total: 7323.582797050476
time/evaluation: 400.9291925430298
training/train_loss_mean: 0.06307078658491373
training/train_loss_std: 0.004388010199906599
training/action_error: 0.053414829075336456
================================================================================
Iteration 9
time/training: 527.7976696491241
evaluation/target_3600_return_mean: 1841.7041903896131
evaluation/target_3600_return_std: 301.5620137265507
evaluation/target_3600_length_mean: 577.05
evaluation/target_3600_length_std: 87.07862826204831
evaluation/target_1800_return_mean: 1698.5171428544024
evaluation/target_1800_return_std: 254.22383551728407
evaluation/target_1800_length_mean: 533.79
evaluation/target_1800_length_std: 75.6087686713651
time/total: 8244.202181577682
time/evaluation: 392.7432510852814
training/train_loss_mean: 0.06207786562368274
training/train_loss_std: 0.004370680430722675
training/action_error: 0.060620665550231934
